0 info it worked if it ends with ok
1 verbose cli [ '/Users/daniellejohnson/.nvm/versions/node/v6.0.0/bin/node',
1 verbose cli   '/Users/daniellejohnson/.nvm/versions/node/v6.0.0/bin/npm',
1 verbose cli   'run',
1 verbose cli   'build' ]
2 info using npm@3.8.6
3 info using node@v6.0.0
4 verbose run-script [ 'prebuild', 'build', 'postbuild' ]
5 info lifecycle node-slate@1.0.0~prebuild: node-slate@1.0.0
6 silly lifecycle node-slate@1.0.0~prebuild: no script for prebuild, continuing
7 info lifecycle node-slate@1.0.0~build: node-slate@1.0.0
8 verbose lifecycle node-slate@1.0.0~build: unsafe-perm in lifecycle true
9 verbose lifecycle node-slate@1.0.0~build: PATH: /Users/daniellejohnson/.nvm/versions/node/v6.0.0/lib/node_modules/npm/bin/node-gyp-bin:/Users/daniellejohnson/squarecat/developers/node_modules/.bin:/Users/daniellejohnson/.nvm/versions/node/v6.0.0/bin:/Users/daniellejohnson/.nvm/versions/node/v6.0.0/bin:/usr/local/bin:/usr/bin:/bin:/usr/sbin:/sbin
10 verbose lifecycle node-slate@1.0.0~build: CWD: /Users/daniellejohnson/squarecat/developers
11 silly lifecycle node-slate@1.0.0~build: Args: [ '-c', 'gulp' ]
12 silly lifecycle node-slate@1.0.0~build: Returned: code: 1  signal: null
13 info lifecycle node-slate@1.0.0~build: Failed to exec build script
14 verbose stack Error: node-slate@1.0.0 build: `gulp`
14 verbose stack Exit status 1
14 verbose stack     at EventEmitter.<anonymous> (/Users/daniellejohnson/.nvm/versions/node/v6.0.0/lib/node_modules/npm/lib/utils/lifecycle.js:239:16)
14 verbose stack     at emitTwo (events.js:106:13)
14 verbose stack     at EventEmitter.emit (events.js:191:7)
14 verbose stack     at ChildProcess.<anonymous> (/Users/daniellejohnson/.nvm/versions/node/v6.0.0/lib/node_modules/npm/lib/utils/spawn.js:24:14)
14 verbose stack     at emitTwo (events.js:106:13)
14 verbose stack     at ChildProcess.emit (events.js:191:7)
14 verbose stack     at maybeClose (internal/child_process.js:850:16)
14 verbose stack     at Process.ChildProcess._handle.onexit (internal/child_process.js:215:5)
15 verbose pkgid node-slate@1.0.0
16 verbose cwd /Users/daniellejohnson/squarecat/developers
17 error Darwin 16.1.0
18 error argv "/Users/daniellejohnson/.nvm/versions/node/v6.0.0/bin/node" "/Users/daniellejohnson/.nvm/versions/node/v6.0.0/bin/npm" "run" "build"
19 error node v6.0.0
20 error npm  v3.8.6
21 error code ELIFECYCLE
22 error node-slate@1.0.0 build: `gulp`
22 error Exit status 1
23 error Failed at the node-slate@1.0.0 build script 'gulp'.
23 error Make sure you have the latest version of node.js and npm installed.
23 error If you do, this is most likely a problem with the node-slate package,
23 error not with npm itself.
23 error Tell the author that this fails on your system:
23 error     gulp
23 error You can get information on how to open an issue for this project with:
23 error     npm bugs node-slate
23 error Or if that isn't available, you can get their info via:
23 error     npm owner ls node-slate
23 error There is likely additional logging output above.
24 verbose exit [ 1, true ]
